Using pre-set license
Built from '2020.3/staging' branch; Version is '2020.3.9f1 (108be757e447) revision 1084391'; Using compiler version '192528614'; Build Type 'Release'
OS: 'Windows 10 Pro; OS build 19044.2130; Version 2009; 64bit' Language: 'zh' Physical Memory: 32628 MB
BatchMode: 1, IsHumanControllingUs: 0, StartBugReporterOnCrash: 0, Is64bit: 1, IsPro: 0

 COMMAND LINE ARGUMENTS:
D:\Program Files\Unity\Editor\Unity.exe
-adb2
-batchMode
-noUpm
-name
AssetImportWorker0
-projectPath
D:/study/testsnowball
-logFile
Logs/AssetImportWorker0.log
-srvPort
65520
Successfully changed project path to: D:/study/testsnowball
D:/study/testsnowball
Using Asset Import Pipeline V2.
Refreshing native plugins compatible for Editor in 18.68 ms, found 0 plugins.
Preloading 0 native plugins for Editor in 0.00 ms.
Initialize engine version: 2020.3.9f1 (108be757e447)
[Subsystems] Discovering subsystems at path D:/Program Files/Unity/Editor/Data/Resources/UnitySubsystems
[Subsystems] Discovering subsystems at path D:/study/testsnowball/Assets
GfxDevice: creating device client; threaded=0
Direct3D:
    Version:  Direct3D 11.0 [level 11.1]
    Renderer: AMD Radeon RX 6800 XT (ID=0x73bf)
    Vendor:   
    VRAM:     16337 MB
    Driver:   30.0.15021.11005
Initialize mono
Mono path[0] = 'D:/Program Files/Unity/Editor/Data/Managed'
Mono path[1] = 'D:/Program Files/Unity/Editor/Data/MonoBleedingEdge/lib/mono/unityjit'
Mono config path = 'D:/Program Files/Unity/Editor/Data/MonoBleedingEdge/etc'
Using monoOptions --debugger-agent=transport=dt_socket,embedding=1,server=y,suspend=n,address=127.0.0.1:56768
Begin MonoManager ReloadAssembly
Registering precompiled unity dll's ...
Register platform support module: D:/Program Files/Unity/Editor/Data/PlaybackEngines/WindowsStandaloneSupport/UnityEditor.WindowsStandalone.Extensions.dll
Registered in 0.000899 seconds.
Native extension for WindowsStandalone target not found
Refreshing native plugins compatible for Editor in 15.31 ms, found 0 plugins.
Preloading 0 native plugins for Editor in 0.00 ms.
Mono: successfully reloaded assembly
- Completed reload, in  0.879 seconds
Platform modules already initialized, skipping
Registering precompiled user dll's ...
Registered in 0.000443 seconds.
Begin MonoManager ReloadAssembly
Native extension for WindowsStandalone target not found
Refreshing native plugins compatible for Editor in 0.20 ms, found 0 plugins.
Preloading 0 native plugins for Editor in 0.00 ms.
Mono: successfully reloaded assembly
- Completed reload, in  0.553 seconds
Platform modules already initialized, skipping
========================================================================
Worker process is ready to serve import requests
Launched and connected shader compiler UnityShaderCompiler.exe after 0.05 seconds
Refreshing native plugins compatible for Editor in 0.18 ms, found 0 plugins.
Preloading 0 native plugins for Editor in 0.00 ms.
Unloading 1115 Unused Serialized files (Serialized files now loaded: 0)
System memory in use before: 57.1 MB.
System memory in use after: 57.1 MB.

Unloading 10 unused Assets to reduce memory usage. Loaded Objects now: 1557.
Total: 1.491500 ms (FindLiveObjects: 0.120400 ms CreateObjectMapping: 0.027900 ms MarkObjects: 1.276800 ms  DeleteObjects: 0.065700 ms)

========================================================================
Received Import Request.
  path: Assets/Scenes
  artifactKey: Guid(f5701d13c44c2384b96eacccd63ebc60) Importer(815301076,1909f56bfc062723c751e8b465ee728b)
Start importing Assets/Scenes using Guid(f5701d13c44c2384b96eacccd63ebc60) Importer(815301076,1909f56bfc062723c751e8b465ee728b)  -> (artifact id: '4047992e397c84f90970200df16b6697') in 0.003255 seconds
  Import took 0.004733 seconds .

========================================================================
Received Import Request.
  Time since last request: 0.000145 seconds.
  path: Assets/Scenes/SampleScene.unity
  artifactKey: Guid(9fc0d4010bbf28b4594072e72b8655ab) Importer(815301076,1909f56bfc062723c751e8b465ee728b)
Start importing Assets/Scenes/SampleScene.unity using Guid(9fc0d4010bbf28b4594072e72b8655ab) Importer(815301076,1909f56bfc062723c751e8b465ee728b)  -> (artifact id: '85059f4f9e1a832ed95adaa0d25c5c4c') in 0.006139 seconds
  Import took 0.007265 seconds .

========================================================================
Received Prepare
Registering precompiled user dll's ...
Registered in 0.000400 seconds.
Begin MonoManager ReloadAssembly
Native extension for WindowsStandalone target not found
Refreshing native plugins compatible for Editor in 0.20 ms, found 0 plugins.
Preloading 0 native plugins for Editor in 0.00 ms.
Mono: successfully reloaded assembly
- Completed reload, in  0.552 seconds
Platform modules already initialized, skipping
Refreshing native plugins compatible for Editor in 0.16 ms, found 0 plugins.
Preloading 0 native plugins for Editor in 0.00 ms.
Unloading 1111 Unused Serialized files (Serialized files now loaded: 0)
System memory in use before: 57.1 MB.
System memory in use after: 57.1 MB.

Unloading 5 unused Assets to reduce memory usage. Loaded Objects now: 1561.
Total: 1.401600 ms (FindLiveObjects: 0.109200 ms CreateObjectMapping: 0.027400 ms MarkObjects: 1.236500 ms  DeleteObjects: 0.027800 ms)

========================================================================
Received Import Request.
  Time since last request: 158.736540 seconds.
  path: Assets/game.cs
  artifactKey: Guid(64c2660332c083041874ff555fa6cadd) Importer(815301076,1909f56bfc062723c751e8b465ee728b)
Start importing Assets/game.cs using Guid(64c2660332c083041874ff555fa6cadd) Importer(815301076,1909f56bfc062723c751e8b465ee728b)  -> (artifact id: '5c14bcabc20bcd0b8486ff484974b069') in 0.030157 seconds
  Import took 0.032839 seconds .

========================================================================
Received Prepare
Registering precompiled user dll's ...
Registered in 0.000367 seconds.
Begin MonoManager ReloadAssembly
Native extension for WindowsStandalone target not found
Refreshing native plugins compatible for Editor in 0.20 ms, found 0 plugins.
Preloading 0 native plugins for Editor in 0.00 ms.
Mono: successfully reloaded assembly
- Completed reload, in  0.542 seconds
Platform modules already initialized, skipping
Refreshing native plugins compatible for Editor in 0.17 ms, found 0 plugins.
Preloading 0 native plugins for Editor in 0.00 ms.
Unloading 1111 Unused Serialized files (Serialized files now loaded: 0)
System memory in use before: 57.1 MB.
System memory in use after: 57.2 MB.

Unloading 5 unused Assets to reduce memory usage. Loaded Objects now: 1564.
Total: 1.341700 ms (FindLiveObjects: 0.113300 ms CreateObjectMapping: 0.031900 ms MarkObjects: 1.166100 ms  DeleteObjects: 0.029800 ms)

========================================================================
Received Import Request.
  Time since last request: 47.157697 seconds.
  path: Assets/game.cs
  artifactKey: Guid(64c2660332c083041874ff555fa6cadd) Importer(815301076,1909f56bfc062723c751e8b465ee728b)
Start importing Assets/game.cs using Guid(64c2660332c083041874ff555fa6cadd) Importer(815301076,1909f56bfc062723c751e8b465ee728b)  -> (artifact id: 'ad87aa3260a5e1eb61a0114bae83b172') in 0.003050 seconds
  Import took 0.004377 seconds .

========================================================================
Received Prepare
Registering precompiled user dll's ...
Registered in 0.000389 seconds.
Begin MonoManager ReloadAssembly
Native extension for WindowsStandalone target not found
Refreshing native plugins compatible for Editor in 0.19 ms, found 0 plugins.
Preloading 0 native plugins for Editor in 0.00 ms.
Mono: successfully reloaded assembly
- Completed reload, in  0.529 seconds
Platform modules already initialized, skipping
Refreshing native plugins compatible for Editor in 0.16 ms, found 0 plugins.
Preloading 0 native plugins for Editor in 0.00 ms.
Unloading 1111 Unused Serialized files (Serialized files now loaded: 0)
System memory in use before: 57.1 MB.
System memory in use after: 57.2 MB.

Unloading 5 unused Assets to reduce memory usage. Loaded Objects now: 1567.
Total: 1.244700 ms (FindLiveObjects: 0.095800 ms CreateObjectMapping: 0.022600 ms MarkObjects: 1.100000 ms  DeleteObjects: 0.025700 ms)

========================================================================
Received Import Request.
  Time since last request: 68.597667 seconds.
  path: Assets
  artifactKey: Guid(00000000000000001000000000000000) Importer(815301076,1909f56bfc062723c751e8b465ee728b)
Start importing Assets using Guid(00000000000000001000000000000000) Importer(815301076,1909f56bfc062723c751e8b465ee728b)  -> (artifact id: '42d402b061de3733987d63b9cc3b64de') in 0.003513 seconds
  Import took 0.005126 seconds .

========================================================================
Received Import Request.
  Time since last request: 13.050373 seconds.
  path: Assets/RT.renderTexture
  artifactKey: Guid(5685a29264283684f9b65ebd728e93bd) Importer(815301076,1909f56bfc062723c751e8b465ee728b)
Start importing Assets/RT.renderTexture using Guid(5685a29264283684f9b65ebd728e93bd) Importer(815301076,1909f56bfc062723c751e8b465ee728b)  -> (artifact id: '7d59be205cff1366d8bd505ad97b6374') in 0.049946 seconds
  Import took 0.051596 seconds .

========================================================================
Received Import Request.
  Time since last request: 8.266334 seconds.
  path: Assets/Snow.cs
  artifactKey: Guid(0ae43bcbe132d7c4dbdb6c1b256b4789) Importer(815301076,1909f56bfc062723c751e8b465ee728b)
Start importing Assets/Snow.cs using Guid(0ae43bcbe132d7c4dbdb6c1b256b4789) Importer(815301076,1909f56bfc062723c751e8b465ee728b)  -> (artifact id: 'f80e46cbc00843cd51e6362f437df33c') in 0.024622 seconds
  Import took 0.026391 seconds .

========================================================================
Received Prepare
Registering precompiled user dll's ...
Registered in 0.000414 seconds.
Begin MonoManager ReloadAssembly
Native extension for WindowsStandalone target not found
Refreshing native plugins compatible for Editor in 0.21 ms, found 0 plugins.
Preloading 0 native plugins for Editor in 0.00 ms.
Mono: successfully reloaded assembly
- Completed reload, in  0.546 seconds
Platform modules already initialized, skipping
Refreshing native plugins compatible for Editor in 0.17 ms, found 0 plugins.
Preloading 0 native plugins for Editor in 0.00 ms.
Unloading 1112 Unused Serialized files (Serialized files now loaded: 0)
System memory in use before: 60.2 MB.
System memory in use after: 60.3 MB.

Unloading 5 unused Assets to reduce memory usage. Loaded Objects now: 1576.
Total: 1.386600 ms (FindLiveObjects: 0.103600 ms CreateObjectMapping: 0.028800 ms MarkObjects: 1.228300 ms  DeleteObjects: 0.025200 ms)

========================================================================
Received Prepare
Registering precompiled user dll's ...
Registered in 0.000419 seconds.
Begin MonoManager ReloadAssembly
Native extension for WindowsStandalone target not found
Refreshing native plugins compatible for Editor in 0.32 ms, found 0 plugins.
Preloading 0 native plugins for Editor in 0.00 ms.
Mono: successfully reloaded assembly
- Completed reload, in  0.552 seconds
Platform modules already initialized, skipping
Refreshing native plugins compatible for Editor in 0.16 ms, found 0 plugins.
Preloading 0 native plugins for Editor in 0.00 ms.
Unloading 1112 Unused Serialized files (Serialized files now loaded: 0)
System memory in use before: 60.2 MB.
System memory in use after: 60.3 MB.

Unloading 5 unused Assets to reduce memory usage. Loaded Objects now: 1579.
Total: 1.365000 ms (FindLiveObjects: 0.103500 ms CreateObjectMapping: 0.025900 ms MarkObjects: 1.208400 ms  DeleteObjects: 0.026600 ms)

========================================================================
Received Import Request.
  Time since last request: 614.270069 seconds.
  path: Assets/Snow.cs
  artifactKey: Guid(0ae43bcbe132d7c4dbdb6c1b256b4789) Importer(815301076,1909f56bfc062723c751e8b465ee728b)
Start importing Assets/Snow.cs using Guid(0ae43bcbe132d7c4dbdb6c1b256b4789) Importer(815301076,1909f56bfc062723c751e8b465ee728b)  -> (artifact id: '886c802bbf7d9d4c49e5a81df894d6c4') in 0.003414 seconds
  Import took 0.004940 seconds .

========================================================================
Received Import Request.
  Time since last request: 31.031955 seconds.
  path: Assets/Resources
  artifactKey: Guid(37e4d379768512b49b36d007ed423da7) Importer(815301076,1909f56bfc062723c751e8b465ee728b)
Start importing Assets/Resources using Guid(37e4d379768512b49b36d007ed423da7) Importer(815301076,1909f56bfc062723c751e8b465ee728b)  -> (artifact id: 'c1eafbaa245e3b3c8da0e644e043604c') in 0.001864 seconds
  Import took 0.003781 seconds .

